<?xml version="1.0" encoding="UTF-8"?>
<testsuite xmlns:xsi="http://www.w3.org/2001/XMLSchema-instance" xsi:noNamespaceSchemaLocation="https://maven.apache.org/surefire/maven-surefire-plugin/xsd/surefire-test-report.xsd" name="com.example.CoursesTest" time="0.004" tests="16" errors="0" skipped="0" failures="0">
  <properties>
    <property name="sun.desktop" value="windows"/>
    <property name="awt.toolkit" value="sun.awt.windows.WToolkit"/>
    <property name="file.encoding.pkg" value="sun.io"/>
    <property name="java.specification.version" value="1.8"/>
    <property name="sun.cpu.isalist" value="amd64"/>
    <property name="sun.jnu.encoding" value="Cp1252"/>
    <property name="java.class.path" value="C:\Users\Naeem Docrat\Desktop\boeprojecttesting-master\boeprojecttesting-master\target\test-classes;C:\Users\Naeem Docrat\Desktop\boeprojecttesting-master\boeprojecttesting-master\target\classes;C:\Users\Naeem Docrat\.m2\repository\mysql\mysql-connector-java\8.0.12\mysql-connector-java-8.0.12.jar;C:\Users\Naeem Docrat\.m2\repository\com\google\protobuf\protobuf-java\2.6.0\protobuf-java-2.6.0.jar;C:\Users\Naeem Docrat\.m2\repository\javax\servlet\javax.servlet-api\3.0.1\javax.servlet-api-3.0.1.jar;C:\Users\Naeem Docrat\.m2\repository\com\vaadin\vaadin-server\8.5.1\vaadin-server-8.5.1.jar;C:\Users\Naeem Docrat\.m2\repository\com\vaadin\vaadin-sass-compiler\0.9.13\vaadin-sass-compiler-0.9.13.jar;C:\Users\Naeem Docrat\.m2\repository\org\w3c\css\sac\1.3\sac-1.3.jar;C:\Users\Naeem Docrat\.m2\repository\com\vaadin\external\flute\flute\1.3.0.gg2\flute-1.3.0.gg2.jar;C:\Users\Naeem Docrat\.m2\repository\com\vaadin\vaadin-shared\8.5.1\vaadin-shared-8.5.1.jar;C:\Users\Naeem Docrat\.m2\repository\org\jsoup\jsoup\1.11.2\jsoup-1.11.2.jar;C:\Users\Naeem Docrat\.m2\repository\com\vaadin\external\gentyref\1.2.0.vaadin1\gentyref-1.2.0.vaadin1.jar;C:\Users\Naeem Docrat\.m2\repository\com\vaadin\vaadin-push\8.5.1\vaadin-push-8.5.1.jar;C:\Users\Naeem Docrat\.m2\repository\com\vaadin\external\atmosphere\atmosphere-runtime\2.4.24.vaadin1\atmosphere-runtime-2.4.24.vaadin1.jar;C:\Users\Naeem Docrat\.m2\repository\com\vaadin\external\slf4j\vaadin-slf4j-jdk14\1.6.1\vaadin-slf4j-jdk14-1.6.1.jar;C:\Users\Naeem Docrat\.m2\repository\com\vaadin\vaadin-client-compiled\8.5.1\vaadin-client-compiled-8.5.1.jar;C:\Users\Naeem Docrat\.m2\repository\com\vaadin\vaadin-themes\8.5.1\vaadin-themes-8.5.1.jar;C:\Users\Naeem Docrat\.m2\repository\junit\junit\4.12\junit-4.12.jar;C:\Users\Naeem Docrat\.m2\repository\org\hamcrest\hamcrest-core\1.3\hamcrest-core-1.3.jar;"/>
    <property name="java.vm.vendor" value="JetBrains s.r.o"/>
    <property name="sun.arch.data.model" value="64"/>
    <property name="user.variant" value=""/>
    <property name="java.vendor.url" value="https://www.jetbrains.com/"/>
    <property name="user.timezone" value="Africa/Harare"/>
    <property name="java.vm.specification.version" value="1.8"/>
    <property name="os.name" value="Windows 10"/>
    <property name="user.country" value="ZA"/>
    <property name="sun.java.launcher" value="SUN_STANDARD"/>
    <property name="sun.boot.library.path" value="C:\Program Files\Android\Android Studio\jre\jre\bin"/>
    <property name="sun.java.command" value="C:\Users\NAEEMD~1\AppData\Local\Temp\surefire512995670069355178\surefirebooter1017540190519471709.jar C:\Users\Naeem Docrat\AppData\Local\Temp\surefire512995670069355178 2018-10-12T00-50-22_201-jvmRun1 surefire2438354721004915144tmp surefire_02134214909111682788tmp"/>
    <property name="surefire.test.class.path" value="C:\Users\Naeem Docrat\Desktop\boeprojecttesting-master\boeprojecttesting-master\target\test-classes;C:\Users\Naeem Docrat\Desktop\boeprojecttesting-master\boeprojecttesting-master\target\classes;C:\Users\Naeem Docrat\.m2\repository\mysql\mysql-connector-java\8.0.12\mysql-connector-java-8.0.12.jar;C:\Users\Naeem Docrat\.m2\repository\com\google\protobuf\protobuf-java\2.6.0\protobuf-java-2.6.0.jar;C:\Users\Naeem Docrat\.m2\repository\javax\servlet\javax.servlet-api\3.0.1\javax.servlet-api-3.0.1.jar;C:\Users\Naeem Docrat\.m2\repository\com\vaadin\vaadin-server\8.5.1\vaadin-server-8.5.1.jar;C:\Users\Naeem Docrat\.m2\repository\com\vaadin\vaadin-sass-compiler\0.9.13\vaadin-sass-compiler-0.9.13.jar;C:\Users\Naeem Docrat\.m2\repository\org\w3c\css\sac\1.3\sac-1.3.jar;C:\Users\Naeem Docrat\.m2\repository\com\vaadin\external\flute\flute\1.3.0.gg2\flute-1.3.0.gg2.jar;C:\Users\Naeem Docrat\.m2\repository\com\vaadin\vaadin-shared\8.5.1\vaadin-shared-8.5.1.jar;C:\Users\Naeem Docrat\.m2\repository\org\jsoup\jsoup\1.11.2\jsoup-1.11.2.jar;C:\Users\Naeem Docrat\.m2\repository\com\vaadin\external\gentyref\1.2.0.vaadin1\gentyref-1.2.0.vaadin1.jar;C:\Users\Naeem Docrat\.m2\repository\com\vaadin\vaadin-push\8.5.1\vaadin-push-8.5.1.jar;C:\Users\Naeem Docrat\.m2\repository\com\vaadin\external\atmosphere\atmosphere-runtime\2.4.24.vaadin1\atmosphere-runtime-2.4.24.vaadin1.jar;C:\Users\Naeem Docrat\.m2\repository\com\vaadin\external\slf4j\vaadin-slf4j-jdk14\1.6.1\vaadin-slf4j-jdk14-1.6.1.jar;C:\Users\Naeem Docrat\.m2\repository\com\vaadin\vaadin-client-compiled\8.5.1\vaadin-client-compiled-8.5.1.jar;C:\Users\Naeem Docrat\.m2\repository\com\vaadin\vaadin-themes\8.5.1\vaadin-themes-8.5.1.jar;C:\Users\Naeem Docrat\.m2\repository\junit\junit\4.12\junit-4.12.jar;C:\Users\Naeem Docrat\.m2\repository\org\hamcrest\hamcrest-core\1.3\hamcrest-core-1.3.jar;"/>
    <property name="sun.cpu.endian" value="little"/>
    <property name="user.home" value="C:\Users\Naeem Docrat"/>
    <property name="user.language" value="en"/>
    <property name="java.specification.vendor" value="Oracle Corporation"/>
    <property name="java.home" value="C:\Program Files\Android\Android Studio\jre\jre"/>
    <property name="basedir" value="C:\Users\Naeem Docrat\Desktop\boeprojecttesting-master\boeprojecttesting-master"/>
    <property name="file.separator" value="\"/>
    <property name="line.separator" value="&#10;"/>
    <property name="java.vm.specification.vendor" value="Oracle Corporation"/>
    <property name="java.specification.name" value="Java Platform API Specification"/>
    <property name="java.awt.graphicsenv" value="sun.awt.Win32GraphicsEnvironment"/>
    <property name="surefire.real.class.path" value="C:\Users\NAEEMD~1\AppData\Local\Temp\surefire512995670069355178\surefirebooter1017540190519471709.jar"/>
    <property name="sun.boot.class.path" value="C:\Program Files\Android\Android Studio\jre\jre\lib\resources.jar;C:\Program Files\Android\Android Studio\jre\jre\lib\rt.jar;C:\Program Files\Android\Android Studio\jre\jre\lib\sunrsasign.jar;C:\Program Files\Android\Android Studio\jre\jre\lib\jsse.jar;C:\Program Files\Android\Android Studio\jre\jre\lib\jce.jar;C:\Program Files\Android\Android Studio\jre\jre\lib\charsets.jar;C:\Program Files\Android\Android Studio\jre\jre\lib\jfr.jar;C:\Program Files\Android\Android Studio\jre\jre\classes"/>
    <property name="user.script" value=""/>
    <property name="sun.management.compiler" value="HotSpot 64-Bit Tiered Compilers"/>
    <property name="java.runtime.version" value="1.8.0_112-release-b06"/>
    <property name="user.name" value="Naeem Docrat"/>
    <property name="path.separator" value=";"/>
    <property name="os.version" value="10.0"/>
    <property name="java.endorsed.dirs" value="C:\Program Files\Android\Android Studio\jre\jre\lib\endorsed"/>
    <property name="java.runtime.name" value="OpenJDK Runtime Environment"/>
    <property name="file.encoding" value="Cp1252"/>
    <property name="java.vm.name" value="OpenJDK 64-Bit Server VM"/>
    <property name="localRepository" value="C:\Users\Naeem Docrat\.m2\repository"/>
    <property name="java.vendor.url.bug" value="https://youtrack.jetbrains.com"/>
    <property name="java.io.tmpdir" value="C:\Users\NAEEMD~1\AppData\Local\Temp\"/>
    <property name="idea.version" value="15.0.6"/>
    <property name="java.version" value="1.8.0_112-release"/>
    <property name="user.dir" value="C:\Users\Naeem Docrat\Desktop\boeprojecttesting-master\boeprojecttesting-master"/>
    <property name="os.arch" value="amd64"/>
    <property name="java.vm.specification.name" value="Java Virtual Machine Specification"/>
    <property name="java.awt.printerjob" value="sun.awt.windows.WPrinterJob"/>
    <property name="sun.os.patch.level" value=""/>
    <property name="java.library.path" value="C:\Program Files\Android\Android Studio\jre\jre\bin;C:\WINDOWS\Sun\Java\bin;C:\WINDOWS\system32;C:\WINDOWS;C:\ProgramData\Oracle\Java\javapath;C:\Program Files (x86)\Intel\iCLS Client\;C:\Program Files\Intel\iCLS Client\;C:\Windows\system32;C:\Windows;C:\Windows\System32\Wbem;C:\Windows\System32\WindowsPowerShell\v1.0\;C:\Program Files (x86)\NVIDIA Corporation\PhysX\Common;C:\Program Files (x86)\Intel\Intel(R) Management Engine Components\DAL;C:\Program Files\Intel\Intel(R) Management Engine Components\DAL;C:\Program Files (x86)\Intel\Intel(R) Management Engine Components\IPT;C:\Program Files\Intel\Intel(R) Management Engine Components\IPT;C:\Program Files (x86)\HP\HP Performance Advisor;C:\WINDOWS\system32;C:\WINDOWS;C:\WINDOWS\System32\Wbem;C:\WINDOWS\System32\WindowsPowerShell\v1.0\;E:\Matlab\runtime\win64;E:\Matlab\bin;E:\Matlab\polyspace\bin;C:\Program Files\MATLAB\R2016a\runtime\win64;C:\Program Files\MATLAB\R2016a\bin;C:\Program Files\MATLAB\R2016a\polyspace\bin;C:\Program Files\Intel\WiFi\bin\;C:\Program Files\Common Files\Intel\WirelessCommon\;C:\Program Files\PuTTY\;C:\Users\Naeem Docrat\AppData\Local\Microsoft\WindowsApps;C:\Users\Naeem Docrat\AppData\Local\Programs\MiKTeX 2.9\miktex\bin\x64\;C:\Users\Naeem Docrat\AppData\Local\GitHubDesktop\bin;."/>
    <property name="java.vm.info" value="mixed mode"/>
    <property name="java.vendor" value="JetBrains s.r.o"/>
    <property name="java.vm.version" value="25.112-b06"/>
    <property name="java.ext.dirs" value="C:\Program Files\Android\Android Studio\jre\jre\lib\ext;C:\WINDOWS\Sun\Java\lib\ext"/>
    <property name="sun.io.unicode.encoding" value="UnicodeLittle"/>
    <property name="java.class.version" value="52.0"/>
  </properties>
  <testcase name="testGetCourseOutcome" classname="com.example.CoursesTest" time="0.001"/>
  <testcase name="testGetStrSupp" classname="com.example.CoursesTest" time="0"/>
  <testcase name="testSetFinalMark" classname="com.example.CoursesTest" time="0"/>
  <testcase name="testSetCredits" classname="com.example.CoursesTest" time="0"/>
  <testcase name="testGetYear" classname="com.example.CoursesTest" time="0"/>
  <testcase name="testSetSuppMark" classname="com.example.CoursesTest" time="0"/>
  <testcase name="testGetSuppMark" classname="com.example.CoursesTest" time="0.001"/>
  <testcase name="testGetCourseCode" classname="com.example.CoursesTest" time="0"/>
  <testcase name="testGetCourseName" classname="com.example.CoursesTest" time="0"/>
  <testcase name="testSetStrSupp" classname="com.example.CoursesTest" time="0"/>
  <testcase name="testSetCourseCode" classname="com.example.CoursesTest" time="0"/>
  <testcase name="testSetCourseName" classname="com.example.CoursesTest" time="0"/>
  <testcase name="testSetCourseOutcome" classname="com.example.CoursesTest" time="0"/>
  <testcase name="testGetCredits" classname="com.example.CoursesTest" time="0"/>
  <testcase name="testGetFinalMark" classname="com.example.CoursesTest" time="0"/>
  <testcase name="testSetYear" classname="com.example.CoursesTest" time="0"/>
</testsuite>